Build started 5/4/2015 2:16:47 AM.
     1>Project "C:\Users\Scott\Documents\GitHub\findingnemo\findingnemo.vcxproj" on node 2 (Build target(s)).
     1>CustomBuild:
         Moc'ing addnewteam.h...
         Moc'ing adminmenu.h...
         Moc'ing displaytrip.h...
         Moc'ing dreamvacation.h...
         Moc'ing loginadmin.h...
         Moc'ing mainwindow.h...
         Moc'ing majorleaguestadiums.h...
         Moc'ing modifystadiuminfo.h...
         Moc'ing purchasesouv.h...
         Moc'ing stadiummodify.h...
         Moc'ing total.h...
         Uic'ing addnewteam.ui...
         Uic'ing adminmenu.ui...
         Uic'ing displaytrip.ui...
         Uic'ing dreamvacation.ui...
         Uic'ing loginadmin.ui...
         Uic'ing mainwindow.ui...
         Uic'ing majorleaguestadiums.ui...
         Uic'ing modifystadiuminfo.ui...
         Uic'ing purchasesouv.ui...
         Uic'ing stadiummodify.ui...
         Uic'ing total.ui...
       ClCompile:
         C:\Program Files (x86)\Microsoft Visual Studio 12.0\VC\bin\CL.exe /c /I. /IC:\Qt\5.4\msvc2013\include /IC:\Qt\5.4\msvc2013\include\QtWidgets /IC:\Qt\5.4\msvc2013\include\QtGui /IC:\Qt\5.4\msvc2013\include\QtANGLE /IC:\Qt\5.4\msvc2013\include\QtCore /Idebug /I. /I"C:\Qt\5.4\msvc2013\mkspecs\win32-msvc2013" /I.\GeneratedFiles /Zi /nologo /W3 /WX- /Od /Oy- /D _WINDOWS /D UNICODE /D WIN32 /D QT_WIDGETS_LIB /D QT_GUI_LIB /D QT_CORE_LIB /Gm- /EHsc /MDd /GS /fp:precise /Zc:wchar_t /Zc:forScope /GR /Fo"Win32\Debug\\" /Fd"Win32\Debug\vc120.pdb" /Gd /TP /analyze- /errorReport:prompt -Zm200 -w34100 -w34189 addnewteam.cpp adminmenu.cpp Debug\moc_addnewteam.cpp Debug\moc_adminmenu.cpp Debug\moc_displaytrip.cpp Debug\moc_dreamvacation.cpp Debug\moc_loginadmin.cpp Debug\moc_mainwindow.cpp Debug\moc_majorleaguestadiums.cpp Debug\moc_modifystadiuminfo.cpp Debug\moc_purchasesouv.cpp Debug\moc_stadiummodify.cpp Debug\moc_total.cpp displaytrip.cpp dreamvacation.cpp loginadmin.cpp main.cpp mainwindow.cpp majorleaguestadiums.cpp modifystadiuminfo.cpp purchasesouv.cpp stadiummodify.cpp total.cpp
         addnewteam.cpp
     1>addnewteam.cpp(98): error C2039: 'getListOfStadiums' : is not a member of 'FileManager'
                 c:\users\scott\documents\github\findingnemo\filemanagerheader.h(25) : see declaration of 'FileManager'
     1>addnewteam.cpp(102): error C2039: 'stadiumName' : is not a member of 'stadiumInfo'
                 c:\users\scott\documents\github\findingnemo\filemanagerheader.h(12) : see declaration of 'stadiumInfo'
     1>addnewteam.cpp(129): error C2039: 'addNewTeam' : is not a member of 'FileManager'
                 c:\users\scott\documents\github\findingnemo\filemanagerheader.h(25) : see declaration of 'FileManager'
     1>addnewteam.cpp(130): error C2039: 'writeToFile' : is not a member of 'FileManager'
                 c:\users\scott\documents\github\findingnemo\filemanagerheader.h(25) : see declaration of 'FileManager'
         adminmenu.cpp
         moc_addnewteam.cpp
         moc_adminmenu.cpp
         moc_displaytrip.cpp
         moc_dreamvacation.cpp
         moc_loginadmin.cpp
         moc_mainwindow.cpp
         moc_majorleaguestadiums.cpp
         moc_modifystadiuminfo.cpp
         moc_purchasesouv.cpp
         moc_stadiummodify.cpp
         moc_total.cpp
         displaytrip.cpp
         dreamvacation.cpp
         loginadmin.cpp
         main.cpp
         mainwindow.cpp
         majorleaguestadiums.cpp
         modifystadiuminfo.cpp
         Generating Code...
         Compiling...
         purchasesouv.cpp
         stadiummodify.cpp
     1>stadiummodify.cpp(19): error C2039: 'getListOfStadiums' : is not a member of 'FileManager'
                 c:\users\scott\documents\github\findingnemo\FileManagerHeader.h(25) : see declaration of 'FileManager'
     1>stadiummodify.cpp(20): error C2039: 'stadiumName' : is not a member of 'stadiumInfo'
                 c:\users\scott\documents\github\findingnemo\FileManagerHeader.h(12) : see declaration of 'stadiumInfo'
         total.cpp
         Generating Code...
     1>Done Building Project "C:\Users\Scott\Documents\GitHub\findingnemo\findingnemo.vcxproj" (Build target(s)) -- FAILED.

Build FAILED.

Time Elapsed 00:00:21.31
